components/auth/new-login-form.tsx(62,17): error TS2769: No overload matches this call.
  Overload 1 of 2, '(relation: "schools" | "school_admins" | "profiles" | "students"): PostgrestQueryBuilder<{ PostgrestVersion: "12"; }, { Tables: { schools: { Row: { id: string; name: string; slug: string; school_type: "k12" | "higher_ed" | "vocational"; ... 9 more ...; deleted_at: string | null; }; Insert: { ...; }; Update: { ...; }; Relationships: []; }; school_admins: { ...; }; profiles: { ...; }; students: { ...; }; }; Views: {}; Functions: {}; Enums: { ...; }; }, { ...; } | ... 2 more ... | { ...; }, "schools" | ... 2 more ... | "students", [] | ... 1 more ... | [...]>', gave the following error.
    Argument of type '"users"' is not assignable to parameter of type '"schools" | "school_admins" | "profiles" | "students"'.
  Overload 2 of 2, '(relation: never): PostgrestQueryBuilder<{ PostgrestVersion: "12"; }, { Tables: { schools: { Row: { id: string; name: string; slug: string; school_type: "k12" | "higher_ed" | "vocational"; logo_url: string | null; ... 8 more ...; deleted_at: string | null; }; Insert: { ...; }; Update: { ...; }; Relationships: []; }; school_admins: { ...; }; profiles: { ...; }; students: { ...; }; }; Views: {}; Functions: {}; Enums: { ...; }; }, never, never, never>', gave the following error.
    Argument of type '"users"' is not assignable to parameter of type 'never'.
components/auth/new-login-form.tsx(77,28): error TS2339: Property 'is_super_admin' does not exist on type 'SelectQueryError<"column 'role' does not exist on 'schools'."> | SelectQueryError<"column 'role' does not exist on 'school_admins'."> | SelectQueryError<...> | SelectQueryError<...>'.
  Property 'is_super_admin' does not exist on type 'SelectQueryError<"column 'role' does not exist on 'schools'.">'.
components/auth/new-login-form.tsx(79,35): error TS2339: Property 'role' does not exist on type 'SelectQueryError<"column 'role' does not exist on 'schools'."> | SelectQueryError<"column 'role' does not exist on 'school_admins'."> | SelectQueryError<...> | SelectQueryError<...>'.
  Property 'role' does not exist on type 'SelectQueryError<"column 'role' does not exist on 'schools'.">'.
components/auth/new-login-form.tsx(81,35): error TS2339: Property 'role' does not exist on type 'SelectQueryError<"column 'role' does not exist on 'schools'."> | SelectQueryError<"column 'role' does not exist on 'school_admins'."> | SelectQueryError<...> | SelectQueryError<...>'.
  Property 'role' does not exist on type 'SelectQueryError<"column 'role' does not exist on 'schools'.">'.
components/auth/new-login-form.tsx(111,8): error TS2741: Property 'isLoading' is missing in type '{}' but required in type 'SocialLoginButtonsProps'.
components/auth/school-registration-wizard.tsx(368,31): error TS2345: Argument of type '"k12" | "higher_ed" | "vocational" | "other"' is not assignable to parameter of type '"k12" | "higher_ed" | "vocational"'.
  Type '"other"' is not assignable to type '"k12" | "higher_ed" | "vocational"'.
